  affectorsexample.cpp
d:\vs2017projects\irrbullet_example\bullet\src\linearmath\btidebugdraw.h(169): warning C4305: 'argument': truncation from 'double' to 'const btScalar'
d:\vs2017projects\irrbullet_example\bullet\src\linearmath\btidebugdraw.h(170): warning C4305: 'argument': truncation from 'double' to 'const btScalar'
d:\vs2017projects\irrbullet_example\bullet\src\linearmath\btidebugdraw.h(171): warning C4305: 'argument': truncation from 'double' to 'const btScalar'
d:\vs2017projects\irrbullet_example\irrbullet-0.1.9\include\irrbulletrigidbody.h(232): warning C4267: '=': conversion from 'size_t' to 'irr::u32', possible loss of data
d:\vs2017projects\irrbullet_example\irrbullet_example\affectorsexample.cpp(48): warning C4305: 'argument': truncation from 'double' to 'irr::f32'
d:\vs2017projects\irrbullet_example\irrbullet_example\affectorsexample.cpp(148): warning C4244: 'argument': conversion from 'irr::u32' to 'irr::f32', possible loss of data
  characterexample.cpp
d:\vs2017projects\irrbullet_example\bullet\src\linearmath\btidebugdraw.h(169): warning C4305: 'argument': truncation from 'double' to 'const btScalar'
d:\vs2017projects\irrbullet_example\bullet\src\linearmath\btidebugdraw.h(170): warning C4305: 'argument': truncation from 'double' to 'const btScalar'
d:\vs2017projects\irrbullet_example\bullet\src\linearmath\btidebugdraw.h(171): warning C4305: 'argument': truncation from 'double' to 'const btScalar'
d:\vs2017projects\irrbullet_example\irrbullet-0.1.9\include\irrbulletrigidbody.h(232): warning C4267: '=': conversion from 'size_t' to 'irr::u32', possible loss of data
d:\vs2017projects\irrbullet_example\irrbullet_example\characterexample.cpp(42): warning C4305: 'argument': truncation from 'double' to 'irr::f32'
d:\vs2017projects\irrbullet_example\irrbullet_example\characterexample.cpp(248): warning C4244: 'argument': conversion from 'irr::u32' to 'irr::f32', possible loss of data
d:\visual studio 2017 prfessional\vc\tools\msvc\14.14.26428\include\memory(1772): warning C4244: 'argument': conversion from 'int' to 'irr::f32', possible loss of data
  d:\visual studio 2017 prfessional\vc\tools\msvc\14.14.26428\include\memory(1836): note: see reference to function template instantiation 'std::_Ref_count_obj<_Ty>::_Ref_count_obj<irrBulletWorld*,int>(irrBulletWorld *&&,int &&)' being compiled
          with
          [
              _Ty=IKinematicCharacterController
          ]
  d:\visual studio 2017 prfessional\vc\tools\msvc\14.14.26428\include\memory(1837): note: see reference to function template instantiation 'std::_Ref_count_obj<_Ty>::_Ref_count_obj<irrBulletWorld*,int>(irrBulletWorld *&&,int &&)' being compiled
          with
          [
              _Ty=IKinematicCharacterController
          ]
  d:\vs2017projects\irrbullet_example\irrbullet_example\characterexample.cpp(119): note: see reference to function template instantiation 'std::shared_ptr<IKinematicCharacterController> std::make_shared<IKinematicCharacterController,irrBulletWorld*,int>(irrBulletWorld *&&,int &&)' being compiled
  collisionexample.cpp
d:\vs2017projects\irrbullet_example\bullet\src\linearmath\btidebugdraw.h(169): warning C4305: 'argument': truncation from 'double' to 'const btScalar'
d:\vs2017projects\irrbullet_example\bullet\src\linearmath\btidebugdraw.h(170): warning C4305: 'argument': truncation from 'double' to 'const btScalar'
d:\vs2017projects\irrbullet_example\bullet\src\linearmath\btidebugdraw.h(171): warning C4305: 'argument': truncation from 'double' to 'const btScalar'
d:\vs2017projects\irrbullet_example\irrbullet-0.1.9\include\irrbulletrigidbody.h(232): warning C4267: '=': conversion from 'size_t' to 'irr::u32', possible loss of data
d:\vs2017projects\irrbullet_example\irrbullet_example\collisionexample.cpp(61): warning C4305: 'argument': truncation from 'double' to 'irr::f32'
d:\vs2017projects\irrbullet_example\irrbullet_example\collisionexample.cpp(120): warning C4244: 'argument': conversion from 'int' to 'irr::f32', possible loss of data
d:\vs2017projects\irrbullet_example\irrbullet_example\collisionexample.cpp(121): warning C4244: 'argument': conversion from 'irr::u32' to 'irr::f32', possible loss of data
d:\vs2017projects\irrbullet_example\irrbullet_example\collisionexample.cpp(160): warning C4018: '<': signed/unsigned mismatch
  exampleframework.cpp
d:\vs2017projects\irrbullet_example\irrbullet-0.1.9\include\irrbulletrigidbody.h(232): warning C4267: '=': conversion from 'size_t' to 'irr::u32', possible loss of data
d:\vs2017projects\irrbullet_example\bullet\src\linearmath\btidebugdraw.h(169): warning C4305: 'argument': truncation from 'double' to 'const btScalar'
d:\vs2017projects\irrbullet_example\bullet\src\linearmath\btidebugdraw.h(170): warning C4305: 'argument': truncation from 'double' to 'const btScalar'
d:\vs2017projects\irrbullet_example\bullet\src\linearmath\btidebugdraw.h(171): warning C4305: 'argument': truncation from 'double' to 'const btScalar'
d:\vs2017projects\irrbullet_example\irrbullet_example\exampleframework.cpp(65): warning C4305: 'argument': truncation from 'double' to 'irr::f32'
d:\vs2017projects\irrbullet_example\irrbullet_example\exampleframework.cpp(90): warning C4305: 'argument': truncation from 'double' to 'irr::f32'
d:\vs2017projects\irrbullet_example\irrbullet_example\exampleframework.cpp(144): warning C4305: 'argument': truncation from 'double' to 'irr::f32'
d:\vs2017projects\irrbullet_example\irrbullet_example\exampleframework.cpp(147): warning C4305: '=': truncation from 'double' to 'irr::f32'
d:\vs2017projects\irrbullet_example\irrbullet_example\exampleframework.cpp(151): warning C4305: 'argument': truncation from 'double' to 'irr::f32'
d:\vs2017projects\irrbullet_example\irrbullet_example\exampleframework.cpp(154): warning C4305: 'argument': truncation from 'double' to 'irr::f32'
d:\vs2017projects\irrbullet_example\irrbullet_example\exampleframework.cpp(157): warning C4305: 'argument': truncation from 'double' to 'irr::f32'
d:\vs2017projects\irrbullet_example\irrbullet_example\exampleframework.cpp(160): warning C4305: 'argument': truncation from 'double' to 'irr::f32'
d:\vs2017projects\irrbullet_example\irrbullet_example\exampleframework.cpp(200): warning C4244: 'argument': conversion from 'irr::f32' to 'irr::s32', possible loss of data
d:\vs2017projects\irrbullet_example\irrbullet_example\exampleframework.cpp(200): warning C4244: 'argument': conversion from 'irr::f32' to 'irr::u32', possible loss of data
d:\vs2017projects\irrbullet_example\irrbullet_example\exampleframework.cpp(197): warning C4244: 'argument': conversion from 'irr::f32' to 'irr::u32', possible loss of data
d:\vs2017projects\irrbullet_example\irrbullet_example\exampleframework.cpp(221): warning C4305: 'argument': truncation from 'double' to 'irr::f32'
d:\vs2017projects\irrbullet_example\irrbullet_example\exampleframework.cpp(229): warning C4244: 'argument': conversion from 'irr::f32' to 'irr::u32', possible loss of data
  helloworldexample.cpp
d:\vs2017projects\irrbullet_example\bullet\src\linearmath\btidebugdraw.h(169): warning C4305: 'argument': truncation from 'double' to 'const btScalar'
d:\vs2017projects\irrbullet_example\bullet\src\linearmath\btidebugdraw.h(170): warning C4305: 'argument': truncation from 'double' to 'const btScalar'
d:\vs2017projects\irrbullet_example\bullet\src\linearmath\btidebugdraw.h(171): warning C4305: 'argument': truncation from 'double' to 'const btScalar'
d:\vs2017projects\irrbullet_example\irrbullet-0.1.9\include\irrbulletrigidbody.h(232): warning C4267: '=': conversion from 'size_t' to 'irr::u32', possible loss of data
d:\vs2017projects\irrbullet_example\irrbullet_example\helloworldexample.cpp(42): warning C4305: 'argument': truncation from 'double' to 'irr::f32'
d:\vs2017projects\irrbullet_example\irrbullet_example\helloworldexample.cpp(156): warning C4244: 'argument': conversion from 'irr::u32' to 'irr::f32', possible loss of data
  liquidbodyexample.cpp
d:\vs2017projects\irrbullet_example\bullet\src\linearmath\btidebugdraw.h(169): warning C4305: 'argument': truncation from 'double' to 'const btScalar'
d:\vs2017projects\irrbullet_example\bullet\src\linearmath\btidebugdraw.h(170): warning C4305: 'argument': truncation from 'double' to 'const btScalar'
d:\vs2017projects\irrbullet_example\bullet\src\linearmath\btidebugdraw.h(171): warning C4305: 'argument': truncation from 'double' to 'const btScalar'
d:\vs2017projects\irrbullet_example\irrbullet-0.1.9\include\irrbulletrigidbody.h(232): warning C4267: '=': conversion from 'size_t' to 'irr::u32', possible loss of data
d:\vs2017projects\irrbullet_example\irrbullet_example\liquidbodyexample.cpp(62): warning C4305: 'argument': truncation from 'double' to 'irr::f32'
d:\vs2017projects\irrbullet_example\irrbullet_example\liquidbodyexample.cpp(155): warning C4018: '<': signed/unsigned mismatch
d:\vs2017projects\irrbullet_example\irrbullet_example\liquidbodyexample.cpp(157): warning C4018: '<': signed/unsigned mismatch
d:\vs2017projects\irrbullet_example\irrbullet_example\liquidbodyexample.cpp(159): warning C4244: 'argument': conversion from 'irr::u32' to 'irr::f32', possible loss of data
  loadsceneexample.cpp
d:\vs2017projects\irrbullet_example\bullet\src\linearmath\btidebugdraw.h(169): warning C4305: 'argument': truncation from 'double' to 'const btScalar'
d:\vs2017projects\irrbullet_example\bullet\src\linearmath\btidebugdraw.h(170): warning C4305: 'argument': truncation from 'double' to 'const btScalar'
d:\vs2017projects\irrbullet_example\bullet\src\linearmath\btidebugdraw.h(171): warning C4305: 'argument': truncation from 'double' to 'const btScalar'
d:\vs2017projects\irrbullet_example\irrbullet-0.1.9\include\irrbulletrigidbody.h(232): warning C4267: '=': conversion from 'size_t' to 'irr::u32', possible loss of data
d:\vs2017projects\irrbullet_example\irrbullet_example\loadsceneexample.cpp(50): warning C4305: 'argument': truncation from 'double' to 'irr::f32'
d:\vs2017projects\irrbullet_example\irrbullet_example\loadsceneexample.cpp(132): warning C4244: 'argument': conversion from 'double' to 'irr::f32', possible loss of data
d:\vs2017projects\irrbullet_example\irrbullet_example\loadsceneexample.cpp(135): warning C4244: 'argument': conversion from 'double' to 'irr::f32', possible loss of data
d:\vs2017projects\irrbullet_example\irrbullet_example\loadsceneexample.cpp(138): warning C4244: 'argument': conversion from 'double' to 'irr::f32', possible loss of data
  main.cpp
  raycasttankexample.cpp
d:\vs2017projects\irrbullet_example\bullet\src\linearmath\btidebugdraw.h(169): warning C4305: 'argument': truncation from 'double' to 'const btScalar'
d:\vs2017projects\irrbullet_example\bullet\src\linearmath\btidebugdraw.h(170): warning C4305: 'argument': truncation from 'double' to 'const btScalar'
d:\vs2017projects\irrbullet_example\bullet\src\linearmath\btidebugdraw.h(171): warning C4305: 'argument': truncation from 'double' to 'const btScalar'
d:\vs2017projects\irrbullet_example\irrbullet-0.1.9\include\irrbulletrigidbody.h(232): warning C4267: '=': conversion from 'size_t' to 'irr::u32', possible loss of data
d:\vs2017projects\irrbullet_example\irrbullet_example\raycasttankexample.cpp(49): warning C4305: 'argument': truncation from 'double' to 'irr::f32'
d:\vs2017projects\irrbullet_example\irrbullet_example\raycasttankexample.cpp(254): warning C4305: 'argument': truncation from 'double' to 'const irr::f32'
d:\vs2017projects\irrbullet_example\irrbullet_example\raycasttankexample.cpp(286): warning C4305: 'argument': truncation from 'double' to 'irr::f32'
d:\vs2017projects\irrbullet_example\irrbullet_example\raycasttankexample.cpp(297): warning C4305: 'argument': truncation from 'double' to 'irr::f32'
d:\vs2017projects\irrbullet_example\irrbullet_example\raycasttankexample.cpp(298): warning C4305: 'argument': truncation from 'double' to 'irr::f32'
d:\vs2017projects\irrbullet_example\irrbullet_example\raycasttankexample.cpp(300): warning C4305: '=': truncation from 'double' to 'irr::f32'
  softbodyexample.cpp
d:\vs2017projects\irrbullet_example\bullet\src\linearmath\btidebugdraw.h(169): warning C4305: 'argument': truncation from 'double' to 'const btScalar'
d:\vs2017projects\irrbullet_example\bullet\src\linearmath\btidebugdraw.h(170): warning C4305: 'argument': truncation from 'double' to 'const btScalar'
d:\vs2017projects\irrbullet_example\bullet\src\linearmath\btidebugdraw.h(171): warning C4305: 'argument': truncation from 'double' to 'const btScalar'
d:\vs2017projects\irrbullet_example\irrbullet-0.1.9\include\irrbulletrigidbody.h(232): warning C4267: '=': conversion from 'size_t' to 'irr::u32', possible loss of data
d:\vs2017projects\irrbullet_example\irrbullet_example\softbodyexample.cpp(47): warning C4305: 'argument': truncation from 'double' to 'irr::f32'
d:\vs2017projects\irrbullet_example\irrbullet_example\softbodyexample.cpp(121): warning C4305: '=': truncation from 'double' to 'btScalar'
d:\vs2017projects\irrbullet_example\irrbullet_example\softbodyexample.cpp(126): warning C4018: '<': signed/unsigned mismatch
d:\vs2017projects\irrbullet_example\irrbullet_example\softbodyexample.cpp(128): warning C4018: '<': signed/unsigned mismatch
d:\vs2017projects\irrbullet_example\irrbullet_example\softbodyexample.cpp(129): warning C4244: 'argument': conversion from 'irr::u32' to 'irr::f32', possible loss of data
d:\vs2017projects\irrbullet_example\irrbullet_example\softbodyexample.cpp(315): warning C4244: 'argument': conversion from 'float' to 'irr::u32', possible loss of data
d:\vs2017projects\irrbullet_example\irrbullet_example\softbodyexample.cpp(335): warning C4305: '=': truncation from 'double' to 'irr::f32'
d:\vs2017projects\irrbullet_example\irrbullet_example\softbodyexample.cpp(336): warning C4305: '=': truncation from 'double' to 'irr::f32'
d:\vs2017projects\irrbullet_example\irrbullet_example\softbodyexample.cpp(341): warning C4305: 'argument': truncation from 'double' to 'irr::f32'
d:\vs2017projects\irrbullet_example\irrbullet_example\softbodyexample.cpp(342): warning C4305: 'argument': truncation from 'double' to 'irr::f32'
d:\vs2017projects\irrbullet_example\irrbullet_example\softbodyexample.cpp(363): warning C4305: '=': truncation from 'double' to 'irr::f32'
d:\vs2017projects\irrbullet_example\irrbullet_example\softbodyexample.cpp(369): warning C4305: 'argument': truncation from 'double' to 'irr::f32'
d:\vs2017projects\irrbullet_example\irrbullet_example\softbodyexample.cpp(370): warning C4305: 'argument': truncation from 'double' to 'irr::f32'
d:\vs2017projects\irrbullet_example\irrbullet_example\softbodyexample.cpp(379): warning C4305: 'argument': truncation from 'double' to 'irr::f32'
d:\vs2017projects\irrbullet_example\irrbullet_example\softbodyexample.cpp(391): warning C4305: 'argument': truncation from 'double' to 'irr::f32'
d:\vs2017projects\irrbullet_example\irrbullet_example\softbodyexample.cpp(399): warning C4305: 'argument': truncation from 'double' to 'irr::f32'
  Generating Code...
  irrBullet.lib(irrBulletCollisionObject.obj) : MSIL .netmodule or module compiled with /GL found; restarting link with /LTCG; add /LTCG to the link command line to improve linker performance
LINK : warning LNK4075: ignoring '/INCREMENTAL' due to '/LTCG' specification
  Generating code
d:\library\irrbullet-0.1.9\irrbullet\src\irrbulletrigidbody.cpp(471): warning C4172: returning address of local variable or temporary: $S3
  Finished generating code
  irrBullet_Example.vcxproj -> D:\VS2017Projects\irrBullet_Example\x64\Debug\irrBullet_Example.exe
